#
# A fatal error has been detected by the Java Runtime Environment:
#
#  Internal Error (generateOopMap.cpp:2164), pid=8875, tid=8888
#  fatal error: Illegal class file encountered. Try running with -Xverify:all in method main
#
# JRE version: OpenJDK Runtime Environment (11.0.4+11) (build 11.0.4+11-post-Ubuntu-1ubuntu218.04.3)
# Java VM: OpenJDK 64-Bit Server VM (11.0.4+11-post-Ubuntu-1ubuntu218.04.3, mixed mode, sharing, tiered, compressed oops, g1 gc, linux-amd64)
# Core dump will be written. Default location: Core dumps may be processed with "/usr/share/apport/apport %p %s %c %d %P" (or dumping to /home/samuel/Documents/workspace-sts-3.9.10.RELEASE/CiscoDateFormatter/core.8875)
#
# If you would like to submit a bug report, please visit:
#   https://bugs.launchpad.net/ubuntu/+source/openjdk-lts
#

---------------  S U M M A R Y ------------

Command Line: -agentlib:jdwp=transport=dt_socket,suspend=y,address=localhost:46507 -javaagent:/home/samuel/Downloads/sts-bundle/sts-3.9.10.RELEASE/configuration/org.eclipse.osgi/302/0/.cp/lib/javaagent-shaded.jar -Dfile.encoding=UTF-8 br.com.teste.util.CiscoExcelUtil

Host: Intel(R) Core(TM) i3 CPU       M 370  @ 2.40GHz, 4 cores, 7G, Ubuntu 18.04.3 LTS
Time: Thu Oct 31 21:08:06 2019 -03 elapsed time: 1317 seconds (0d 0h 21m 57s)

---------------  T H R E A D  ---------------

Current thread (0x00007feb3816b800):  VMThread "VM Thread" [stack: 0x00007feb1526e000,0x00007feb1536e000] [id=8888]

Stack: [0x00007feb1526e000,0x00007feb1536e000],  sp=0x00007feb1536bdc0,  free space=1015k
Native frames: (J=compiled Java code, A=aot compiled Java code, j=interpreted, Vv=VM code, C=native code)
V  [libjvm.so+0xde4547]
V  [libjvm.so+0xde515f]
V  [libjvm.so+0x6510ba]
V  [libjvm.so+0x7b72a8]
V  [libjvm.so+0x7b737b]
V  [libjvm.so+0x7b9537]
V  [libjvm.so+0x7ba653]
V  [libjvm.so+0x7bbf5c]
V  [libjvm.so+0x7beabd]
V  [libjvm.so+0x7bee69]
V  [libjvm.so+0xbac64a]
V  [libjvm.so+0xbacbcb]
V  [libjvm.so+0xb3a9f6]
V  [libjvm.so+0x9d053c]
V  [libjvm.so+0xdeeda8]
V  [libjvm.so+0xdec5e6]
V  [libjvm.so+0xdecaf0]
V  [libjvm.so+0xdecf23]
V  [libjvm.so+0xd7aeea]
V  [libjvm.so+0xbc4a5e]

VM_Operation (0x00007feb141208a0): GetOrSetLocal, mode: safepoint, requested by thread 0x00007feb381d3000


---------------  P R O C E S S  ---------------

Threads class SMR info:
_java_thread_list=0x00007feacc32bc00, length=12, elements={
0x00007feb38014000, 0x00007feb3816e800, 0x00007feb38170800, 0x00007feb38176000,
0x00007feb38178000, 0x00007feb3817a000, 0x00007feb3817c000, 0x00007feb38189800,
0x00007feb381d3000, 0x00007feb381d7000, 0x00007feadc001800, 0x00007feb382d6000
}

Java Threads: ( => current thread )
  0x00007feb38014000 JavaThread "main" [_thread_blocked, id=8877, stack(0x00007feb40c1f000,0x00007feb40d20000)]
  0x00007feb3816e800 JavaThread "Reference Handler" daemon [_thread_blocked, id=8889, stack(0x00007feb1516b000,0x00007feb1526c000)]
  0x00007feb38170800 JavaThread "Finalizer" daemon [_thread_blocked, id=8890, stack(0x00007feb1506a000,0x00007feb1516b000)]
  0x00007feb38176000 JavaThread "Signal Dispatcher" daemon [_thread_blocked, id=8891, stack(0x00007feb14526000,0x00007feb14627000)]
  0x00007feb38178000 JavaThread "C2 CompilerThread0" daemon [_thread_blocked, id=8892, stack(0x00007feb14425000,0x00007feb14526000)]
  0x00007feb3817a000 JavaThread "C1 CompilerThread0" daemon [_thread_blocked, id=8893, stack(0x00007feb14324000,0x00007feb14425000)]
  0x00007feb3817c000 JavaThread "Sweeper thread" daemon [_thread_blocked, id=8894, stack(0x00007feb14223000,0x00007feb14324000)]
  0x00007feb38189800 JavaThread "Common-Cleaner" daemon [_thread_blocked, id=8895, stack(0x00007feb14122000,0x00007feb14223000)]
  0x00007feb381d3000 JavaThread "JDWP Transport Listener: dt_socket" daemon [_thread_blocked, id=8898, stack(0x00007feb14021000,0x00007feb14122000)] _threads_hazard_ptr=0x00007feacc32bc00
  0x00007feb381d7000 JavaThread "JDWP Event Helper Thread" daemon [_thread_blocked, id=8900, stack(0x00007feae7cf9000,0x00007feae7dfa000)]
  0x00007feadc001800 JavaThread "JDWP Command Reader" daemon [_thread_in_native, id=8901, stack(0x00007feae7bf8000,0x00007feae7cf9000)]
  0x00007feb382d6000 JavaThread "Service Thread" daemon [_thread_blocked, id=8907, stack(0x00007feae75ce000,0x00007feae76cf000)]

Other Threads:
=>0x00007feb3816b800 VMThread "VM Thread" [stack: 0x00007feb1526e000,0x00007feb1536e000] [id=8888]
  0x00007feb382d8000 WatcherThread [stack: 0x00007feae74ce000,0x00007feae75ce000] [id=8908]
  0x00007feb3802a000 GCTaskThread "GC Thread#0" [stack: 0x00007feb3c7ca000,0x00007feb3c8ca000] [id=8880]
  0x00007feb04001000 GCTaskThread "GC Thread#1" [stack: 0x00007feae73cc000,0x00007feae74cc000] [id=8914]
  0x00007feb3805a000 ConcurrentGCThread "G1 Main Marker" [stack: 0x00007feb3c2c4000,0x00007feb3c3c4000] [id=8882]
  0x00007feb3805c000 ConcurrentGCThread "G1 Conc#0" [stack: 0x00007feb3c1c2000,0x00007feb3c2c2000] [id=8883]
  0x00007feb380d2800 ConcurrentGCThread "G1 Refine#0" [stack: 0x00007feb15c72000,0x00007feb15d72000] [id=8884]
  0x00007feb380d4000 ConcurrentGCThread "G1 Young RemSet Sampling" [stack: 0x00007feb15b70000,0x00007feb15c70000] [id=8886]

Threads with active compile tasks:

VM state:at safepoint (normal execution)

VM Mutex/Monitor currently owned by a thread:  ([mutex/lock_event])
[0x00007feb3800fd50] Threads_lock - owner thread: 0x00007feb3816b800

Heap address: 0x0000000086800000, size: 1944 MB, Compressed Oops mode: 32-bit
Narrow klass base: 0x0000000800000000, Narrow klass shift: 3
Compressed class space size: 1073741824 Address: 0x0000000840000000

Heap:
 garbage-first heap   total 126976K, used 22625K [0x0000000086800000, 0x0000000100000000)
  region size 1024K, 21 young (21504K), 2 survivors (2048K)
 Metaspace       used 5871K, capacity 7619K, committed 7936K, reserved 1056768K
  class space    used 536K, capacity 705K, committed 768K, reserved 1048576K
Heap Regions: E=young(eden), S=young(survivor), O=old, HS=humongous(starts), HC=humongous(continues), CS=collection set, F=free, A=archive, TAMS=top-at-mark-start (previous, next)
|   0|0x0000000086800000, 0x0000000086900000, 0x0000000086900000|100%|HS|  |TAMS 0x0000000086800000, 0x0000000086800000| Complete 
|   1|0x0000000086900000, 0x000000008697a400, 0x0000000086a00000| 47%| O|  |TAMS 0x0000000086900000, 0x0000000086900000| Untracked 
|   2|0x0000000086a00000, 0x0000000086a00000, 0x0000000086b00000|  0%| F|  |TAMS 0x0000000086a00000, 0x0000000086a00000| Untracked 
|   3|0x0000000086b00000, 0x0000000086b00000, 0x0000000086c00000|  0%| F|  |TAMS 0x0000000086b00000, 0x0000000086b00000| Untracked 
|   4|0x0000000086c00000, 0x0000000086c00000, 0x0000000086d00000|  0%| F|  |TAMS 0x0000000086c00000, 0x0000000086c00000| Untracked 
|   5|0x0000000086d00000, 0x0000000086d00000, 0x0000000086e00000|  0%| F|  |TAMS 0x0000000086d00000, 0x0000000086d00000| Untracked 
|   6|0x0000000086e00000, 0x0000000086e00000, 0x0000000086f00000|  0%| F|  |TAMS 0x0000000086e00000, 0x0000000086e00000| Untracked 
|   7|0x0000000086f00000, 0x0000000086f00000, 0x0000000087000000|  0%| F|  |TAMS 0x0000000086f00000, 0x0000000086f00000| Untracked 
|   8|0x0000000087000000, 0x0000000087000000, 0x0000000087100000|  0%| F|  |TAMS 0x0000000087000000, 0x0000000087000000| Untracked 
|   9|0x0000000087100000, 0x0000000087100000, 0x0000000087200000|  0%| F|  |TAMS 0x0000000087100000, 0x0000000087100000| Untracked 
|  10|0x0000000087200000, 0x0000000087200000, 0x0000000087300000|  0%| F|  |TAMS 0x0000000087200000, 0x0000000087200000| Untracked 
|  11|0x0000000087300000, 0x0000000087300000, 0x0000000087400000|  0%| F|  |TAMS 0x0000000087300000, 0x0000000087300000| Untracked 
|  12|0x0000000087400000, 0x0000000087400000, 0x0000000087500000|  0%| F|  |TAMS 0x0000000087400000, 0x0000000087400000| Untracked 
|  13|0x0000000087500000, 0x0000000087500000, 0x0000000087600000|  0%| F|  |TAMS 0x0000000087500000, 0x0000000087500000| Untracked 
|  14|0x0000000087600000, 0x0000000087600000, 0x0000000087700000|  0%| F|  |TAMS 0x0000000087600000, 0x0000000087600000| Untracked 
|  15|0x0000000087700000, 0x0000000087700000, 0x0000000087800000|  0%| F|  |TAMS 0x0000000087700000, 0x0000000087700000| Untracked 
|  16|0x0000000087800000, 0x0000000087800000, 0x0000000087900000|  0%| F|  |TAMS 0x0000000087800000, 0x0000000087800000| Untracked 
|  17|0x0000000087900000, 0x0000000087900000, 0x0000000087a00000|  0%| F|  |TAMS 0x0000000087900000, 0x0000000087900000| Untracked 
|  18|0x0000000087a00000, 0x0000000087a00000, 0x0000000087b00000|  0%| F|  |TAMS 0x0000000087a00000, 0x0000000087a00000| Untracked 
|  19|0x0000000087b00000, 0x0000000087b00000, 0x0000000087c00000|  0%| F|  |TAMS 0x0000000087b00000, 0x0000000087b00000| Untracked 
|  20|0x0000000087c00000, 0x0000000087c00000, 0x0000000087d00000|  0%| F|  |TAMS 0x0000000087c00000, 0x0000000087c00000| Untracked 
|  21|0x0000000087d00000, 0x0000000087d00000, 0x0000000087e00000|  0%| F|  |TAMS 0x0000000087d00000, 0x0000000087d00000| Untracked 
|  22|0x0000000087e00000, 0x0000000087e00000, 0x0000000087f00000|  0%| F|  |TAMS 0x0000000087e00000, 0x0000000087e00000| Untracked 
|  23|0x0000000087f00000, 0x0000000087f00000, 0x0000000088000000|  0%| F|  |TAMS 0x0000000087f00000, 0x0000000087f00000| Untracked 
|  24|0x0000000088000000, 0x0000000088000000, 0x0000000088100000|  0%| F|  |TAMS 0x0000000088000000, 0x0000000088000000| Untracked 
|  25|0x0000000088100000, 0x0000000088100000, 0x0000000088200000|  0%| F|  |TAMS 0x0000000088100000, 0x0000000088100000| Untracked 
|  26|0x0000000088200000, 0x0000000088200000, 0x0000000088300000|  0%| F|  |TAMS 0x0000000088200000, 0x0000000088200000| Untracked 
|  27|0x0000000088300000, 0x0000000088300000, 0x0000000088400000|  0%| F|  |TAMS 0x0000000088300000, 0x0000000088300000| Untracked 
|  28|0x0000000088400000, 0x0000000088400000, 0x0000000088500000|  0%| F|  |TAMS 0x0000000088400000, 0x0000000088400000| Untracked 
|  29|0x0000000088500000, 0x0000000088500000, 0x0000000088600000|  0%| F|  |TAMS 0x0000000088500000, 0x0000000088500000| Untracked 
|  30|0x0000000088600000, 0x0000000088600000, 0x0000000088700000|  0%| F|  |TAMS 0x0000000088600000, 0x0000000088600000| Untracked 
|  31|0x0000000088700000, 0x0000000088700000, 0x0000000088800000|  0%| F|  |TAMS 0x0000000088700000, 0x0000000088700000| Untracked 
|  32|0x0000000088800000, 0x0000000088800000, 0x0000000088900000|  0%| F|  |TAMS 0x0000000088800000, 0x0000000088800000| Untracked 
|  33|0x0000000088900000, 0x0000000088900000, 0x0000000088a00000|  0%| F|  |TAMS 0x0000000088900000, 0x0000000088900000| Untracked 
|  34|0x0000000088a00000, 0x0000000088a00000, 0x0000000088b00000|  0%| F|  |TAMS 0x0000000088a00000, 0x0000000088a00000| Untracked 
|  35|0x0000000088b00000, 0x0000000088b00000, 0x0000000088c00000|  0%| F|  |TAMS 0x0000000088b00000, 0x0000000088b00000| Untracked 
|  36|0x0000000088c00000, 0x0000000088c00000, 0x0000000088d00000|  0%| F|  |TAMS 0x0000000088c00000, 0x0000000088c00000| Untracked 
|  37|0x0000000088d00000, 0x0000000088d00000, 0x0000000088e00000|  0%| F|  |TAMS 0x0000000088d00000, 0x0000000088d00000| Untracked 
|  38|0x0000000088e00000, 0x0000000088e00000, 0x0000000088f00000|  0%| F|  |TAMS 0x0000000088e00000, 0x0000000088e00000| Untracked 
|  39|0x0000000088f00000, 0x0000000088f00000, 0x0000000089000000|  0%| F|  |TAMS 0x0000000088f00000, 0x0000000088f00000| Untracked 
|  40|0x0000000089000000, 0x0000000089000000, 0x0000000089100000|  0%| F|  |TAMS 0x0000000089000000, 0x0000000089000000| Untracked 
|  41|0x0000000089100000, 0x0000000089100000, 0x0000000089200000|  0%| F|  |TAMS 0x0000000089100000, 0x0000000089100000| Untracked 
|  42|0x0000000089200000, 0x0000000089200000, 0x0000000089300000|  0%| F|  |TAMS 0x0000000089200000, 0x0000000089200000| Untracked 
|  43|0x0000000089300000, 0x0000000089300000, 0x0000000089400000|  0%| F|  |TAMS 0x0000000089300000, 0x0000000089300000| Untracked 
|  44|0x0000000089400000, 0x0000000089400000, 0x0000000089500000|  0%| F|  |TAMS 0x0000000089400000, 0x0000000089400000| Untracked 
|  45|0x0000000089500000, 0x0000000089500000, 0x0000000089600000|  0%| F|  |TAMS 0x0000000089500000, 0x0000000089500000| Untracked 
|  46|0x0000000089600000, 0x0000000089600000, 0x0000000089700000|  0%| F|  |TAMS 0x0000000089600000, 0x0000000089600000| Untracked 
|  47|0x0000000089700000, 0x0000000089700000, 0x0000000089800000|  0%| F|  |TAMS 0x0000000089700000, 0x0000000089700000| Untracked 
|  48|0x0000000089800000, 0x0000000089800000, 0x0000000089900000|  0%| F|  |TAMS 0x0000000089800000, 0x0000000089800000| Untracked 
|  49|0x0000000089900000, 0x0000000089900000, 0x0000000089a00000|  0%| F|  |TAMS 0x0000000089900000, 0x0000000089900000| Untracked 
|  50|0x0000000089a00000, 0x0000000089a00000, 0x0000000089b00000|  0%| F|  |TAMS 0x0000000089a00000, 0x0000000089a00000| Untracked 
|  51|0x0000000089b00000, 0x0000000089b00000, 0x0000000089c00000|  0%| F|  |TAMS 0x0000000089b00000, 0x0000000089b00000| Untracked 
|  52|0x0000000089c00000, 0x0000000089c00000, 0x0000000089d00000|  0%| F|  |TAMS 0x0000000089c00000, 0x0000000089c00000| Untracked 
|  53|0x0000000089d00000, 0x0000000089d00000, 0x0000000089e00000|  0%| F|  |TAMS 0x0000000089d00000, 0x0000000089d00000| Untracked 
|  54|0x0000000089e00000, 0x0000000089e00000, 0x0000000089f00000|  0%| F|  |TAMS 0x0000000089e00000, 0x0000000089e00000| Untracked 
|  55|0x0000000089f00000, 0x0000000089f00000, 0x000000008a000000|  0%| F|  |TAMS 0x0000000089f00000, 0x0000000089f00000| Untracked 
|  56|0x000000008a000000, 0x000000008a000000, 0x000000008a100000|  0%| F|  |TAMS 0x000000008a000000, 0x000000008a000000| Untracked 
|  57|0x000000008a100000, 0x000000008a100000, 0x000000008a200000|  0%| F|  |TAMS 0x000000008a100000, 0x000000008a100000| Untracked 
|  58|0x000000008a200000, 0x000000008a200000, 0x000000008a300000|  0%| F|  |TAMS 0x000000008a200000, 0x000000008a200000| Untracked 
|  59|0x000000008a300000, 0x000000008a300000, 0x000000008a400000|  0%| F|  |TAMS 0x000000008a300000, 0x000000008a300000| Untracked 
|  60|0x000000008a400000, 0x000000008a400000, 0x000000008a500000|  0%| F|  |TAMS 0x000000008a400000, 0x000000008a400000| Untracked 
|  61|0x000000008a500000, 0x000000008a500000, 0x000000008a600000|  0%| F|  |TAMS 0x000000008a500000, 0x000000008a500000| Untracked 
|  62|0x000000008a600000, 0x000000008a600000, 0x000000008a700000|  0%| F|  |TAMS 0x000000008a600000, 0x000000008a600000| Untracked 
|  63|0x000000008a700000, 0x000000008a700000, 0x000000008a800000|  0%| F|  |TAMS 0x000000008a700000, 0x000000008a700000| Untracked 
|  64|0x000000008a800000, 0x000000008a800000, 0x000000008a900000|  0%| F|  |TAMS 0x000000008a800000, 0x000000008a800000| Untracked 
|  65|0x000000008a900000, 0x000000008a900000, 0x000000008aa00000|  0%| F|  |TAMS 0x000000008a900000, 0x000000008a900000| Untracked 
|  66|0x000000008aa00000, 0x000000008aa00000, 0x000000008ab00000|  0%| F|  |TAMS 0x000000008aa00000, 0x000000008aa00000| Untracked 
|  67|0x000000008ab00000, 0x000000008ab00000, 0x000000008ac00000|  0%| F|  |TAMS 0x000000008ab00000, 0x000000008ab00000| Untracked 
|  68|0x000000008ac00000, 0x000000008ac00000, 0x000000008ad00000|  0%| F|  |TAMS 0x000000008ac00000, 0x000000008ac00000| Untracked 
|  69|0x000000008ad00000, 0x000000008ad00000, 0x000000008ae00000|  0%| F|  |TAMS 0x000000008ad00000, 0x000000008ad00000| Untracked 
|  70|0x000000008ae00000, 0x000000008ae00000, 0x000000008af00000|  0%| F|  |TAMS 0x000000008ae00000, 0x000000008ae00000| Untracked 
|  71|0x000000008af00000, 0x000000008af00000, 0x000000008b000000|  0%| F|  |TAMS 0x000000008af00000, 0x000000008af00000| Untracked 
|  72|0x000000008b000000, 0x000000008b000000, 0x000000008b100000|  0%| F|  |TAMS 0x000000008b000000, 0x000000008b000000| Untracked 
|  73|0x000000008b100000, 0x000000008b100000, 0x000000008b200000|  0%| F|  |TAMS 0x000000008b100000, 0x000000008b100000| Untracked 
|  74|0x000000008b200000, 0x000000008b200000, 0x000000008b300000|  0%| F|  |TAMS 0x000000008b200000, 0x000000008b200000| Untracked 
|  75|0x000000008b300000, 0x000000008b300000, 0x000000008b400000|  0%| F|  |TAMS 0x000000008b300000, 0x000000008b300000| Untracked 
|  76|0x000000008b400000, 0x000000008b400000, 0x000000008b500000|  0%| F|  |TAMS 0x000000008b400000, 0x000000008b400000| Untracked 
|  77|0x000000008b500000, 0x000000008b500000, 0x000000008b600000|  0%| F|  |TAMS 0x000000008b500000, 0x000000008b500000| Untracked 
|  78|0x000000008b600000, 0x000000008b600000, 0x000000008b700000|  0%| F|  |TAMS 0x000000008b600000, 0x000000008b600000| Untracked 
|  79|0x000000008b700000, 0x000000008b700000, 0x000000008b800000|  0%| F|  |TAMS 0x000000008b700000, 0x000000008b700000| Untracked 
|  80|0x000000008b800000, 0x000000008b800000, 0x000000008b900000|  0%| F|  |TAMS 0x000000008b800000, 0x000000008b800000| Untracked 
|  81|0x000000008b900000, 0x000000008b900000, 0x000000008ba00000|  0%| F|  |TAMS 0x000000008b900000, 0x000000008b900000| Untracked 
|  82|0x000000008ba00000, 0x000000008ba00000, 0x000000008bb00000|  0%| F|  |TAMS 0x000000008ba00000, 0x000000008ba00000| Untracked 
|  83|0x000000008bb00000, 0x000000008bb00000, 0x000000008bc00000|  0%| F|  |TAMS 0x000000008bb00000, 0x000000008bb00000| Untracked 
|  84|0x000000008bc00000, 0x000000008bc00000, 0x000000008bd00000|  0%| F|  |TAMS 0x000000008bc00000, 0x000000008bc00000| Untracked 
|  85|0x000000008bd00000, 0x000000008bd00000, 0x000000008be00000|  0%| F|  |TAMS 0x000000008bd00000, 0x000000008bd00000| Untracked 
|  86|0x000000008be00000, 0x000000008be00000, 0x000000008bf00000|  0%| F|  |TAMS 0x000000008be00000, 0x000000008be00000| Untracked 
|  87|0x000000008bf00000, 0x000000008bf00000, 0x000000008c000000|  0%| F|  |TAMS 0x000000008bf00000, 0x000000008bf00000| Untracked 
|  88|0x000000008c000000, 0x000000008c000000, 0x000000008c100000|  0%| F|  |TAMS 0x000000008c000000, 0x000000008c000000| Untracked 
|  89|0x000000008c100000, 0x000000008c100000, 0x000000008c200000|  0%| F|  |TAMS 0x000000008c100000, 0x000000008c100000| Untracked 
|  90|0x000000008c200000, 0x000000008c200000, 0x000000008c300000|  0%| F|  |TAMS 0x000000008c200000, 0x000000008c200000| Untracked 
|  91|0x000000008c300000, 0x000000008c300000, 0x000000008c400000|  0%| F|  |TAMS 0x000000008c300000, 0x000000008c300000| Untracked 
|  92|0x000000008c400000, 0x000000008c400000, 0x000000008c500000|  0%| F|  |TAMS 0x000000008c400000, 0x000000008c400000| Untracked 
|  93|0x000000008c500000, 0x000000008c500000, 0x000000008c600000|  0%| F|  |TAMS 0x000000008c500000, 0x000000008c500000| Untracked 
|  94|0x000000008c600000, 0x000000008c600000, 0x000000008c700000|  0%| F|  |TAMS 0x000000008c600000, 0x000000008c600000| Untracked 
|  95|0x000000008c700000, 0x000000008c700000, 0x000000008c800000|  0%| F|  |TAMS 0x000000008c700000, 0x000000008c700000| Untracked 
|  96|0x000000008c800000, 0x000000008c800000, 0x000000008c900000|  0%| F|  |TAMS 0x000000008c800000, 0x000000008c800000| Untracked 
|  97|0x000000008c900000, 0x000000008c900000, 0x000000008ca00000|  0%| F|  |TAMS 0x000000008c900000, 0x000000008c900000| Untracked 
|  98|0x000000008ca00000, 0x000000008ca00000, 0x000000008cb00000|  0%| F|  |TAMS 0x000000008ca00000, 0x000000008ca00000| Untracked 
|  99|0x000000008cb00000, 0x000000008cb00000, 0x000000008cc00000|  0%| F|  |TAMS 0x000000008cb00000, 0x000000008cb00000| Untracked 
| 100|0x000000008cc00000, 0x000000008cc00000, 0x000000008cd00000|  0%| F|  |TAMS 0x000000008cc00000, 0x000000008cc00000| Untracked 
| 101|0x000000008cd00000, 0x000000008ce00000, 0x000000008ce00000|100%| E|  |TAMS 0x000000008cd00000, 0x000000008cd00000| Complete 
| 102|0x000000008ce00000, 0x000000008cf00000, 0x000000008cf00000|100%| E|CS|TAMS 0x000000008ce00000, 0x000000008ce00000| Complete 
| 103|0x000000008cf00000, 0x000000008d000000, 0x000000008d000000|100%| E|CS|TAMS 0x000000008cf00000, 0x000000008cf00000| Complete 
| 104|0x000000008d000000, 0x000000008d100000, 0x000000008d100000|100%| E|CS|TAMS 0x000000008d000000, 0x000000008d000000| Complete 
| 105|0x000000008d100000, 0x000000008d200000, 0x000000008d200000|100%| E|CS|TAMS 0x000000008d100000, 0x000000008d100000| Complete 
| 106|0x000000008d200000, 0x000000008d300000, 0x000000008d300000|100%| S|CS|TAMS 0x000000008d200000, 0x000000008d200000| Complete 
| 107|0x000000008d300000, 0x000000008d400000, 0x000000008d400000|100%| S|CS|TAMS 0x000000008d300000, 0x000000008d300000| Complete 
| 108|0x000000008d400000, 0x000000008d500000, 0x000000008d500000|100%| E|CS|TAMS 0x000000008d400000, 0x000000008d400000| Complete 
| 109|0x000000008d500000, 0x000000008d600000, 0x000000008d600000|100%| E|CS|TAMS 0x000000008d500000, 0x000000008d500000| Complete 
| 110|0x000000008d600000, 0x000000008d700000, 0x000000008d700000|100%| E|CS|TAMS 0x000000008d600000, 0x000000008d600000| Complete 
| 111|0x000000008d700000, 0x000000008d800000, 0x000000008d800000|100%| E|CS|TAMS 0x000000008d700000, 0x000000008d700000| Complete 
| 112|0x000000008d800000, 0x000000008d900000, 0x000000008d900000|100%| E|CS|TAMS 0x000000008d800000, 0x000000008d800000| Complete 
| 113|0x000000008d900000, 0x000000008da00000, 0x000000008da00000|100%| E|CS|TAMS 0x000000008d900000, 0x000000008d900000| Complete 
| 114|0x000000008da00000, 0x000000008db00000, 0x000000008db00000|100%| E|CS|TAMS 0x000000008da00000, 0x000000008da00000| Complete 
| 115|0x000000008db00000, 0x000000008dc00000, 0x000000008dc00000|100%| E|CS|TAMS 0x000000008db00000, 0x000000008db00000| Complete 
| 116|0x000000008dc00000, 0x000000008dd00000, 0x000000008dd00000|100%| E|CS|TAMS 0x000000008dc00000, 0x000000008dc00000| Complete 
| 117|0x000000008dd00000, 0x000000008de00000, 0x000000008de00000|100%| E|CS|TAMS 0x000000008dd00000, 0x000000008dd00000| Complete 
| 118|0x000000008de00000, 0x000000008df00000, 0x000000008df00000|100%| E|CS|TAMS 0x000000008de00000, 0x000000008de00000| Complete 
| 119|0x000000008df00000, 0x000000008e000000, 0x000000008e000000|100%| E|CS|TAMS 0x000000008df00000, 0x000000008df00000| Complete 
| 120|0x000000008e000000, 0x000000008e100000, 0x000000008e100000|100%| E|CS|TAMS 0x000000008e000000, 0x000000008e000000| Complete 
| 121|0x000000008e100000, 0x000000008e200000, 0x000000008e200000|100%| E|CS|TAMS 0x000000008e100000, 0x000000008e100000| Complete 
|1942|0x00000000ffe00000, 0x00000000ffe34000, 0x00000000fff00000| 20%|OA|  |TAMS 0x00000000ffe00000, 0x00000000ffe00000| Untracked 
|1943|0x00000000fff00000, 0x00000000fff6a000, 0x0000000100000000| 41%|CA|  |TAMS 0x00000000fff00000, 0x00000000fff00000| Untracked 

Card table byte_map: [0x00007feb201be000,0x00007feb2058a000] _byte_map_base: 0x00007feb1fd8a000

Marking Bits (Prev, Next): (CMBitMap*) 0x00007feb38051b18, (CMBitMap*) 0x00007feb38051b50
 Prev Bits: [0x00007feb19dd4000, 0x00007feb1bc34000)
 Next Bits: [0x00007feb17f74000, 0x00007feb19dd4000)

Polling page: 0x00007feb40d34000

Metaspace:

Usage:
  Non-class:      6,75 MB capacity,     5,21 MB ( 77%) used,     1,54 MB ( 23%) free+waste,     5,94 KB ( <1%) overhead. 
      Class:    705,00 KB capacity,   536,52 KB ( 76%) used,   166,05 KB ( 24%) free+waste,     2,44 KB ( <1%) overhead. 
       Both:      7,44 MB capacity,     5,73 MB ( 77%) used,     1,70 MB ( 23%) free+waste,     8,38 KB ( <1%) overhead. 

Virtual space:
  Non-class space:        8,00 MB reserved,       7,00 MB ( 88%) committed 
      Class space:        1,00 GB reserved,     768,00 KB ( <1%) committed 
             Both:        1,01 GB reserved,       7,75 MB ( <1%) committed 

Chunk freelists:
   Non-Class:  6,00 KB
       Class:  0 bytes
        Both:  6,00 KB

CodeHeap 'non-profiled nmethods': size=120032Kb used=413Kb max_used=413Kb free=119618Kb
 bounds [0x00007feb2841e000, 0x00007feb2868e000, 0x00007feb2f956000]
CodeHeap 'profiled nmethods': size=120032Kb used=1869Kb max_used=1869Kb free=118162Kb
 bounds [0x00007feb20ee6000, 0x00007feb21156000, 0x00007feb2841e000]
CodeHeap 'non-nmethods': size=5696Kb used=1126Kb max_used=1181Kb free=4569Kb
 bounds [0x00007feb20956000, 0x00007feb20bc6000, 0x00007feb20ee6000]
 total_blobs=1391 nmethods=809 adapters=288
 compilation: enabled
              stopped_count=0, restarted_count=0
 full_count=0

Compilation events (10 events):
Event: 997,070 Thread 0x00007feb3817a000  810       3       org.eclipse.jdt.launching.internal.org.objectweb.asm.ByteVector::putUTF8 (144 bytes)
Event: 997,072 Thread 0x00007feb3817a000 nmethod 810 0x00007feb210b6e90 code [0x00007feb210b7120, 0x00007feb210b7ca8]
Event: 997,072 Thread 0x00007feb3817a000  811       3       org.eclipse.jdt.launching.internal.org.objectweb.asm.SymbolTable::addConstantUtf8 (98 bytes)
Event: 997,073 Thread 0x00007feb38178000  812       4       org.eclipse.jdt.launching.internal.org.objectweb.asm.SymbolTable$Entry::<init> (17 bytes)
Event: 997,073 Thread 0x00007feb3817a000 nmethod 811 0x00007feb210b8210 code [0x00007feb210b8460, 0x00007feb210b8b58]
Event: 997,086 Thread 0x00007feb38178000 nmethod 812 0x00007feb28484610 code [0x00007feb284847a0, 0x00007feb284849b8]
Event: 1195,302 Thread 0x00007feb3817a000  813       3       org.eclipse.jdt.launching.internal.org.objectweb.asm.SymbolTable::putBootstrapMethods (56 bytes)
Event: 1195,303 Thread 0x00007feb3817a000 nmethod 813 0x00007feb210b8f10 code [0x00007feb210b9120, 0x00007feb210b9488]
Event: 1298,480 Thread 0x00007feb38178000  814       4       org.eclipse.jdt.launching.internal.org.objectweb.asm.ByteVector::put11 (52 bytes)
Event: 1298,494 Thread 0x00007feb38178000 nmethod 814 0x00007feb28484a90 code [0x00007feb28484c40, 0x00007feb284852d8]

GC Heap History (2 events):
Event: 1,120 GC heap before
{Heap before GC invocations=0 (full 0):
 garbage-first heap   total 126976K, used 14968K [0x0000000086800000, 0x0000000100000000)
  region size 1024K, 14 young (14336K), 0 survivors (0K)
 Metaspace       used 3876K, capacity 5847K, committed 6016K, reserved 1056768K
  class space    used 361K, capacity 542K, committed 640K, reserved 1048576K
}
Event: 1,135 GC heap after
{Heap after GC invocations=1 (full 0):
 garbage-first heap   total 126976K, used 4193K [0x0000000086800000, 0x0000000100000000)
  region size 1024K, 2 young (2048K), 2 survivors (2048K)
 Metaspace       used 3876K, capacity 5847K, committed 6016K, reserved 1056768K
  class space    used 361K, capacity 542K, committed 640K, reserved 1048576K
}

Deoptimization events (10 events):
Event: 628,265 Thread 0x00007feb381d3000 DEOPT PACKING pc=0x00007feb2845e6c8 sp=0x00007feb1411ecb0
Event: 628,265 Thread 0x00007feb381d3000 DEOPT UNPACKING pc=0x00007feb2098e21f sp=0x00007feb1411ebf8 mode 2
Event: 628,265 Thread 0x00007feb381d3000 Uncommon trap: trap_request=0xffffff4d fr.pc=0x00007feb2846bfbc relative=0x000000000000075c
Event: 628,265 Thread 0x00007feb381d3000 Uncommon trap: reason=unstable_if action=reinterpret pc=0x00007feb2846bfbc method=org.eclipse.jdt.launching.internal.org.objectweb.asm.ByteVector.encodeUtf8(Ljava/lang/String;II)Lorg/eclipse/jdt/launching/internal/org/objectweb/asm/ByteVector; @ 37 c2
Event: 628,265 Thread 0x00007feb381d3000 DEOPT PACKING pc=0x00007feb2846bfbc sp=0x00007feb1411eb70
Event: 628,265 Thread 0x00007feb381d3000 DEOPT UNPACKING pc=0x00007feb2098e21f sp=0x00007feb1411eb48 mode 2
Event: 628,265 Thread 0x00007feb381d3000 Uncommon trap: trap_request=0xffffff45 fr.pc=0x00007feb2843f9c0 relative=0x00000000000003e0
Event: 628,265 Thread 0x00007feb381d3000 Uncommon trap: reason=unstable_fused_if action=reinterpret pc=0x00007feb2843f9c0 method=org.eclipse.jdt.launching.internal.org.objectweb.asm.ByteVector.putUTF8(Ljava/lang/String;)Lorg/eclipse/jdt/launching/internal/org/objectweb/asm/ByteVector; @ 93 c2
Event: 628,265 Thread 0x00007feb381d3000 DEOPT PACKING pc=0x00007feb2843f9c0 sp=0x00007feb1411ec20
Event: 628,265 Thread 0x00007feb381d3000 DEOPT UNPACKING pc=0x00007feb2098e21f sp=0x00007feb1411ebe0 mode 2

Classes redefined (8 events):
Event: 628,274 Thread 0x00007feb3816b800 redefined class name=br.com.teste.util.CiscoExcelUtil, count=1
Event: 968,124 Thread 0x00007feb3816b800 redefined class name=br.com.teste.util.CiscoExcelUtil, count=2
Event: 997,084 Thread 0x00007feb3816b800 redefined class name=br.com.teste.util.CiscoExcelUtil, count=3
Event: 1040,527 Thread 0x00007feb3816b800 redefined class name=br.com.teste.util.CiscoExcelUtil, count=4
Event: 1063,137 Thread 0x00007feb3816b800 redefined class name=br.com.teste.util.CiscoExcelUtil, count=5
Event: 1195,320 Thread 0x00007feb3816b800 redefined class name=br.com.teste.util.CiscoExcelUtil, count=6
Event: 1256,754 Thread 0x00007feb3816b800 redefined class name=br.com.teste.util.CiscoExcelUtil, count=7
Event: 1298,491 Thread 0x00007feb3816b800 redefined class name=br.com.teste.util.CiscoExcelUtil, count=8

Internal exceptions (0 events):
No events

Events (10 events):
Event: 1310,561 Executing VM operation: GetFrameCount done
Event: 1310,562 Executing VM operation: GetOwnedMonitorInfo
Event: 1310,562 Executing VM operation: GetOwnedMonitorInfo done
Event: 1310,562 Executing VM operation: GetCurrentContendedMonitor
Event: 1310,562 Executing VM operation: GetCurrentContendedMonitor done
Event: 1310,564 Executing VM operation: GetCurrentContendedMonitor
Event: 1310,564 Executing VM operation: GetCurrentContendedMonitor done
Event: 1310,564 Executing VM operation: GetOwnedMonitorInfo
Event: 1310,564 Executing VM operation: GetOwnedMonitorInfo done
Event: 1317,681 Executing VM operation: GetOrSetLocal


Dynamic libraries:
86800000-8e200000 rw-p 00000000 00:00 0 
8e200000-ffe00000 ---p 00000000 00:00 0 
ffe00000-ffe34000 rw-p 01116000 08:01 1446604                            /usr/lib/jvm/java-11-openjdk-amd64/lib/server/classes.jsa
ffe34000-fff00000 rw-p 00000000 00:00 0 
fff00000-fff6a000 rw-p 010ac000 08:01 1446604                            /usr/lib/jvm/java-11-openjdk-amd64/lib/server/classes.jsa
fff6a000-100000000 rw-p 00000000 00:00 0 
800000000-800002000 rwxp 00001000 08:01 1446604                          /usr/lib/jvm/java-11-openjdk-amd64/lib/server/classes.jsa
800002000-8010ab000 rw-p 00003000 08:01 1446604                          /usr/lib/jvm/java-11-openjdk-amd64/lib/server/classes.jsa
840000000-8400c0000 rw-p 00000000 00:00 0 
8400c0000-880000000 ---p 00000000 00:00 0 
55a6e1661000-55a6e1662000 r-xp 00000000 08:01 14292703                   /usr/lib/jvm/java-11-openjdk-amd64/bin/java
55a6e1862000-55a6e1863000 r--p 00001000 08:01 14292703                   /usr/lib/jvm/java-11-openjdk-amd64/bin/java
55a6e1863000-55a6e1864000 rw-p 00002000 08:01 14292703                   /usr/lib/jvm/java-11-openjdk-amd64/bin/java
55a6e2a61000-55a6e2a82000 rw-p 00000000 00:00 0                          [heap]
7feac4000000-7feac4021000 rw-p 00000000 00:00 0 
7feac4021000-7feac8000000 ---p 00000000 00:00 0 
7feac8000000-7feac8021000 rw-p 00000000 00:00 0 
7feac8021000-7feacc000000 ---p 00000000 00:00 0 
7feacc000000-7feacc943000 rw-p 00000000 00:00 0 
7feacc943000-7fead0000000 ---p 00000000 00:00 0 
7fead0000000-7fead0021000 rw-p 00000000 00:00 0 
7fead0021000-7fead4000000 ---p 00000000 00:00 0 
7fead4000000-7fead4021000 rw-p 00000000 00:00 0 
7fead4021000-7fead8000000 ---p 00000000 00:00 0 
7fead8000000-7fead8021000 rw-p 00000000 00:00 0 
7fead8021000-7feadc000000 ---p 00000000 00:00 0 
7feadc000000-7feadc029000 rw-p 00000000 00:00 0 
7feadc029000-7feae0000000 ---p 00000000 00:00 0 
7feae0000000-7feae0021000 rw-p 00000000 00:00 0 
7feae0021000-7feae4000000 ---p 00000000 00:00 0 
7feae73ca000-7feae73cb000 ---p 00000000 00:00 0 
7feae73cb000-7feae74cc000 rw-p 00000000 00:00 0 
7feae74cc000-7feae74cd000 ---p 00000000 00:00 0 
7feae74cd000-7feae75ce000 rw-p 00000000 00:00 0 
7feae75ce000-7feae75d2000 ---p 00000000 00:00 0 
7feae75d2000-7feae76cf000 rw-p 00000000 00:00 0 
7feae76cf000-7feae76d3000 ---p 00000000 00:00 0 
7feae76d3000-7feae77d0000 rw-p 00000000 00:00 0 
7feae77d0000-7feae77e6000 r-xp 00000000 08:01 14425307                   /usr/lib/jvm/java-11-openjdk-amd64/lib/libnet.so
7feae77e6000-7feae79e5000 ---p 00016000 08:01 14425307                   /usr/lib/jvm/java-11-openjdk-amd64/lib/libnet.so
7feae79e5000-7feae79e6000 r--p 00015000 08:01 14425307                   /usr/lib/jvm/java-11-openjdk-amd64/lib/libnet.so
7feae79e6000-7feae79e7000 rw-p 00016000 08:01 14425307                   /usr/lib/jvm/java-11-openjdk-amd64/lib/libnet.so
7feae79e7000-7feae79f7000 r-xp 00000000 08:01 14425308                   /usr/lib/jvm/java-11-openjdk-amd64/lib/libnio.so
7feae79f7000-7feae7bf6000 ---p 00010000 08:01 14425308                   /usr/lib/jvm/java-11-openjdk-amd64/lib/libnio.so
7feae7bf6000-7feae7bf7000 r--p 0000f000 08:01 14425308                   /usr/lib/jvm/java-11-openjdk-amd64/lib/libnio.so
7feae7bf7000-7feae7bf8000 rw-p 00010000 08:01 14425308                   /usr/lib/jvm/java-11-openjdk-amd64/lib/libnio.so
7feae7bf8000-7feae7bfc000 ---p 00000000 00:00 0 
7feae7bfc000-7feae7cf9000 rw-p 00000000 00:00 0 
7feae7cf9000-7feae7cfd000 ---p 00000000 00:00 0 
7feae7cfd000-7feae7dfa000 rw-p 00000000 00:00 0 
7feae7dfa000-7feae7dfe000 r-xp 00000000 08:01 14425287                   /usr/lib/jvm/java-11-openjdk-amd64/lib/libdt_socket.so
7feae7dfe000-7feae7ffe000 ---p 00004000 08:01 14425287                   /usr/lib/jvm/java-11-openjdk-amd64/lib/libdt_socket.so
7feae7ffe000-7feae7fff000 r--p 00004000 08:01 14425287                   /usr/lib/jvm/java-11-openjdk-amd64/lib/libdt_socket.so
7feae7fff000-7feae8000000 rw-p 00005000 08:01 14425287                   /usr/lib/jvm/java-11-openjdk-amd64/lib/libdt_socket.so
7feae8000000-7feae8607000 rw-p 00000000 00:00 0 
7feae8607000-7feaec000000 ---p 00000000 00:00 0 
7feaec000000-7feaec021000 rw-p 00000000 00:00 0 
7feaec021000-7feaf0000000 ---p 00000000 00:00 0 
7feaf0000000-7feaf0021000 rw-p 00000000 00:00 0 
7feaf0021000-7feaf4000000 ---p 00000000 00:00 0 
7feaf4000000-7feaf5aa5000 rw-p 00000000 00:00 0 
7feaf5aa5000-7feaf8000000 ---p 00000000 00:00 0 
7feaf8000000-7feaf8021000 rw-p 00000000 00:00 0 
7feaf8021000-7feafc000000 ---p 00000000 00:00 0 
7feafc000000-7feafc021000 rw-p 00000000 00:00 0 
7feafc021000-7feb00000000 ---p 00000000 00:00 0 
7feb00000000-7feb00021000 rw-p 00000000 00:00 0 
7feb00021000-7feb04000000 ---p 00000000 00:00 0 
7feb04000000-7feb04021000 rw-p 00000000 00:00 0 
7feb04021000-7feb08000000 ---p 00000000 00:00 0 
7feb08000000-7feb08021000 rw-p 00000000 00:00 0 
7feb08021000-7feb0c000000 ---p 00000000 00:00 0 
7feb0c000000-7feb0c021000 rw-p 00000000 00:00 0 
7feb0c021000-7feb10000000 ---p 00000000 00:00 0 
7feb10000000-7feb10021000 rw-p 00000000 00:00 0 
7feb10021000-7feb14000000 ---p 00000000 00:00 0 
7feb14021000-7feb14025000 ---p 00000000 00:00 0 
7feb14025000-7feb14122000 rw-p 00000000 00:00 0 
7feb14122000-7feb14126000 ---p 00000000 00:00 0 
7feb14126000-7feb14223000 rw-p 00000000 00:00 0 
7feb14223000-7feb14227000 ---p 00000000 00:00 0 
7feb14227000-7feb14324000 rw-p 00000000 00:00 0 
7feb14324000-7feb14328000 ---p 00000000 00:00 0 
7feb14328000-7feb14425000 rw-p 00000000 00:00 0 
7feb14425000-7feb14429000 ---p 00000000 00:00 0 
7feb14429000-7feb14526000 rw-p 00000000 00:00 0 
7feb14526000-7feb1452a000 ---p 00000000 00:00 0 
7feb1452a000-7feb14627000 rw-p 00000000 00:00 0 
7feb14627000-7feb1506a000 r--p 00000000 08:01 14162399                   /usr/lib/locale/locale-archive
7feb1506a000-7feb1506e000 ---p 00000000 00:00 0 
7feb1506e000-7feb1516b000 rw-p 00000000 00:00 0 
7feb1516b000-7feb1516f000 ---p 00000000 00:00 0 
7feb1516f000-7feb1526c000 rw-p 00000000 00:00 0 
7feb1526c000-7feb1526d000 ---p 00000000 00:00 0 
7feb1526d000-7feb15a6e000 rw-p 00000000 00:00 0 
7feb15a6e000-7feb15b6e000 ---p 00000000 00:00 0 
7feb15b6e000-7feb15b6f000 ---p 00000000 00:00 0 
7feb15b6f000-7feb15c70000 rw-p 00000000 00:00 0 
7feb15c70000-7feb15c71000 ---p 00000000 00:00 0 
7feb15c71000-7feb1815c000 rw-p 00000000 00:00 0 
7feb1815c000-7feb19dcc000 ---p 00000000 00:00 0 
7feb19dcc000-7feb19fbc000 rw-p 00000000 00:00 0 
7feb19fbc000-7feb1bc2c000 ---p 00000000 00:00 0 
7feb1bc2c000-7feb1bc71000 rw-p 00000000 00:00 0 
7feb1bc71000-7feb1bfff000 ---p 00000000 00:00 0 
7feb1bfff000-7feb1c000000 rw-p 00000000 00:00 0 
7feb1c000000-7feb1c021000 rw-p 00000000 00:00 0 
7feb1c021000-7feb20000000 ---p 00000000 00:00 0 
7feb200bd000-7feb201fb000 rw-p 00000000 00:00 0 
7feb201fb000-7feb20589000 ---p 00000000 00:00 0 
7feb20589000-7feb205c7000 rw-p 00000000 00:00 0 
7feb205c7000-7feb20955000 ---p 00000000 00:00 0 
7feb20955000-7feb20956000 rw-p 00000000 00:00 0 
7feb20956000-7feb20bc6000 rwxp 00000000 00:00 0 
7feb20bc6000-7feb20ee6000 ---p 00000000 00:00 0 
7feb20ee6000-7feb21156000 rwxp 00000000 00:00 0 
7feb21156000-7feb2841e000 ---p 00000000 00:00 0 
7feb2841e000-7feb2868e000 rwxp 00000000 00:00 0 
7feb2868e000-7feb2f956000 ---p 00000000 00:00 0 
7feb2f956000-7feb38000000 r--s 00000000 08:01 14425317                   /usr/lib/jvm/java-11-openjdk-amd64/lib/modules
7feb38000000-7feb38617000 rw-p 00000000 00:00 0 
7feb38617000-7feb3c000000 ---p 00000000 00:00 0 
7feb3c03e000-7feb3c1c0000 rw-p 00000000 00:00 0 
7feb3c1c0000-7feb3c1c1000 ---p 00000000 00:00 0 
7feb3c1c1000-7feb3c2c2000 rw-p 00000000 00:00 0 
7feb3c2c2000-7feb3c2c3000 ---p 00000000 00:00 0 
7feb3c2c3000-7feb3c7c8000 rw-p 00000000 00:00 0 
7feb3c7c8000-7feb3c7c9000 ---p 00000000 00:00 0 
7feb3c7c9000-7feb3c8cf000 rw-p 00000000 00:00 0 
7feb3c8cf000-7feb3c9b5000 ---p 00000000 00:00 0 
7feb3c9b5000-7feb3c9ba000 rw-p 00000000 00:00 0 
7feb3c9ba000-7feb3caa0000 ---p 00000000 00:00 0 
7feb3caa0000-7feb3caa5000 r-xp 00000000 08:01 14425299                   /usr/lib/jvm/java-11-openjdk-amd64/lib/libjimage.so
7feb3caa5000-7feb3cca4000 ---p 00005000 08:01 14425299                   /usr/lib/jvm/java-11-openjdk-amd64/lib/libjimage.so
7feb3cca4000-7feb3cca5000 r--p 00004000 08:01 14425299                   /usr/lib/jvm/java-11-openjdk-amd64/lib/libjimage.so
7feb3cca5000-7feb3cca6000 rw-p 00005000 08:01 14425299                   /usr/lib/jvm/java-11-openjdk-amd64/lib/libjimage.so
7feb3cca6000-7feb3ccad000 r-xp 00000000 08:01 14425316                   /usr/lib/jvm/java-11-openjdk-amd64/lib/libzip.so
7feb3ccad000-7feb3ceac000 ---p 00007000 08:01 14425316                   /usr/lib/jvm/java-11-openjdk-amd64/lib/libzip.so
7feb3ceac000-7feb3cead000 r--p 00006000 08:01 14425316                   /usr/lib/jvm/java-11-openjdk-amd64/lib/libzip.so
7feb3cead000-7feb3ceae000 rw-p 00007000 08:01 14425316                   /usr/lib/jvm/java-11-openjdk-amd64/lib/libzip.so
7feb3ceae000-7feb3ceb9000 r-xp 00000000 08:01 5248036                    /lib/x86_64-linux-gnu/libnss_files-2.27.so
7feb3ceb9000-7feb3d0b8000 ---p 0000b000 08:01 5248036                    /lib/x86_64-linux-gnu/libnss_files-2.27.so
7feb3d0b8000-7feb3d0b9000 r--p 0000a000 08:01 5248036                    /lib/x86_64-linux-gnu/libnss_files-2.27.so
7feb3d0b9000-7feb3d0ba000 rw-p 0000b000 08:01 5248036                    /lib/x86_64-linux-gnu/libnss_files-2.27.so
7feb3d0ba000-7feb3d0c0000 rw-p 00000000 00:00 0 
7feb3d0c0000-7feb3d0d7000 r-xp 00000000 08:01 5248030                    /lib/x86_64-linux-gnu/libnsl-2.27.so
7feb3d0d7000-7feb3d2d6000 ---p 00017000 08:01 5248030                    /lib/x86_64-linux-gnu/libnsl-2.27.so
7feb3d2d6000-7feb3d2d7000 r--p 00016000 08:01 5248030                    /lib/x86_64-linux-gnu/libnsl-2.27.so
7feb3d2d7000-7feb3d2d8000 rw-p 00017000 08:01 5248030                    /lib/x86_64-linux-gnu/libnsl-2.27.so
7feb3d2d8000-7feb3d2da000 rw-p 00000000 00:00 0 
7feb3d2da000-7feb3d2e5000 r-xp 00000000 08:01 5248046                    /lib/x86_64-linux-gnu/libnss_nis-2.27.so
7feb3d2e5000-7feb3d4e4000 ---p 0000b000 08:01 5248046                    /lib/x86_64-linux-gnu/libnss_nis-2.27.so
7feb3d4e4000-7feb3d4e5000 r--p 0000a000 08:01 5248046                    /lib/x86_64-linux-gnu/libnss_nis-2.27.so
7feb3d4e5000-7feb3d4e6000 rw-p 0000b000 08:01 5248046                    /lib/x86_64-linux-gnu/libnss_nis-2.27.so
7feb3d4e6000-7feb3d4ee000 r-xp 00000000 08:01 5248032                    /lib/x86_64-linux-gnu/libnss_compat-2.27.so
7feb3d4ee000-7feb3d6ee000 ---p 00008000 08:01 5248032                    /lib/x86_64-linux-gnu/libnss_compat-2.27.so
7feb3d6ee000-7feb3d6ef000 r--p 00008000 08:01 5248032                    /lib/x86_64-linux-gnu/libnss_compat-2.27.so
7feb3d6ef000-7feb3d6f0000 rw-p 00009000 08:01 5248032                    /lib/x86_64-linux-gnu/libnss_compat-2.27.so
7feb3d6f0000-7feb3d6fa000 r-xp 00000000 08:01 14425290                   /usr/lib/jvm/java-11-openjdk-amd64/lib/libinstrument.so
7feb3d6fa000-7feb3d8f9000 ---p 0000a000 08:01 14425290                   /usr/lib/jvm/java-11-openjdk-amd64/lib/libinstrument.so
7feb3d8f9000-7feb3d8fa000 r--p 00009000 08:01 14425290                   /usr/lib/jvm/java-11-openjdk-amd64/lib/libinstrument.so
7feb3d8fa000-7feb3d8fb000 rw-p 0000a000 08:01 14425290                   /usr/lib/jvm/java-11-openjdk-amd64/lib/libinstrument.so
7feb3d8fb000-7feb3d936000 r-xp 00000000 08:01 14425298                   /usr/lib/jvm/java-11-openjdk-amd64/lib/libjdwp.so
7feb3d936000-7feb3db35000 ---p 0003b000 08:01 14425298                   /usr/lib/jvm/java-11-openjdk-amd64/lib/libjdwp.so
7feb3db35000-7feb3db36000 r--p 0003a000 08:01 14425298                   /usr/lib/jvm/java-11-openjdk-amd64/lib/libjdwp.so
7feb3db36000-7feb3db37000 rw-p 0003b000 08:01 14425298                   /usr/lib/jvm/java-11-openjdk-amd64/lib/libjdwp.so
7feb3db37000-7feb3db60000 r-xp 00000000 08:01 14425295                   /usr/lib/jvm/java-11-openjdk-amd64/lib/libjava.so
7feb3db60000-7feb3dd5f000 ---p 00029000 08:01 14425295                   /usr/lib/jvm/java-11-openjdk-amd64/lib/libjava.so
7feb3dd5f000-7feb3dd60000 r--p 00028000 08:01 14425295                   /usr/lib/jvm/java-11-openjdk-amd64/lib/libjava.so
7feb3dd60000-7feb3dd62000 rw-p 00029000 08:01 14425295                   /usr/lib/jvm/java-11-openjdk-amd64/lib/libjava.so
7feb3dd62000-7feb3dd6f000 r-xp 00000000 08:01 14425315                   /usr/lib/jvm/java-11-openjdk-amd64/lib/libverify.so
7feb3dd6f000-7feb3df6e000 ---p 0000d000 08:01 14425315                   /usr/lib/jvm/java-11-openjdk-amd64/lib/libverify.so
7feb3df6e000-7feb3df70000 r--p 0000c000 08:01 14425315                   /usr/lib/jvm/java-11-openjdk-amd64/lib/libverify.so
7feb3df70000-7feb3df71000 rw-p 0000e000 08:01 14425315                   /usr/lib/jvm/java-11-openjdk-amd64/lib/libverify.so
7feb3df71000-7feb3df78000 r-xp 00000000 08:01 5248086                    /lib/x86_64-linux-gnu/librt-2.27.so
7feb3df78000-7feb3e177000 ---p 00007000 08:01 5248086                    /lib/x86_64-linux-gnu/librt-2.27.so
7feb3e177000-7feb3e178000 r--p 00006000 08:01 5248086                    /lib/x86_64-linux-gnu/librt-2.27.so
7feb3e178000-7feb3e179000 rw-p 00007000 08:01 5248086                    /lib/x86_64-linux-gnu/librt-2.27.so
7feb3e179000-7feb3e190000 r-xp 00000000 08:01 5247983                    /lib/x86_64-linux-gnu/libgcc_s.so.1
7feb3e190000-7feb3e38f000 ---p 00017000 08:01 5247983                    /lib/x86_64-linux-gnu/libgcc_s.so.1
7feb3e38f000-7feb3e390000 r--p 00016000 08:01 5247983                    /lib/x86_64-linux-gnu/libgcc_s.so.1
7feb3e390000-7feb3e391000 rw-p 00017000 08:01 5247983                    /lib/x86_64-linux-gnu/libgcc_s.so.1
7feb3e391000-7feb3e52e000 r-xp 00000000 08:01 5248009                    /lib/x86_64-linux-gnu/libm-2.27.so
7feb3e52e000-7feb3e72d000 ---p 0019d000 08:01 5248009                    /lib/x86_64-linux-gnu/libm-2.27.so
7feb3e72d000-7feb3e72e000 r--p 0019c000 08:01 5248009                    /lib/x86_64-linux-gnu/libm-2.27.so
7feb3e72e000-7feb3e72f000 rw-p 0019d000 08:01 5248009                    /lib/x86_64-linux-gnu/libm-2.27.so
7feb3e72f000-7feb3e8a8000 r-xp 00000000 08:01 14165792                   /usr/lib/x86_64-linux-gnu/libstdc++.so.6.0.25
7feb3e8a8000-7feb3eaa8000 ---p 00179000 08:01 14165792                   /usr/lib/x86_64-linux-gnu/libstdc++.so.6.0.25
7feb3eaa8000-7feb3eab2000 r--p 00179000 08:01 14165792                   /usr/lib/x86_64-linux-gnu/libstdc++.so.6.0.25
7feb3eab2000-7feb3eab4000 rw-p 00183000 08:01 14165792                   /usr/lib/x86_64-linux-gnu/libstdc++.so.6.0.25
7feb3eab4000-7feb3eab8000 rw-p 00000000 00:00 0 
7feb3eab8000-7feb3fb84000 r-xp 00000000 08:01 1446599                    /usr/lib/jvm/java-11-openjdk-amd64/lib/server/libjvm.so
7feb3fb84000-7feb3fd83000 ---p 010cc000 08:01 1446599                    /usr/lib/jvm/java-11-openjdk-amd64/lib/server/libjvm.so
7feb3fd83000-7feb3fe40000 r--p 010cb000 08:01 1446599                    /usr/lib/jvm/java-11-openjdk-amd64/lib/server/libjvm.so
7feb3fe40000-7feb3fe79000 rw-p 01188000 08:01 1446599                    /usr/lib/jvm/java-11-openjdk-amd64/lib/server/libjvm.so
7feb3fe79000-7feb3fecf000 rw-p 00000000 00:00 0 
7feb3fecf000-7feb3fee9000 r-xp 00000000 08:01 5248078                    /lib/x86_64-linux-gnu/libpthread-2.27.so
7feb3fee9000-7feb400e8000 ---p 0001a000 08:01 5248078                    /lib/x86_64-linux-gnu/libpthread-2.27.so
7feb400e8000-7feb400e9000 r--p 00019000 08:01 5248078                    /lib/x86_64-linux-gnu/libpthread-2.27.so
7feb400e9000-7feb400ea000 rw-p 0001a000 08:01 5248078                    /lib/x86_64-linux-gnu/libpthread-2.27.so
7feb400ea000-7feb400ee000 rw-p 00000000 00:00 0 
7feb400ee000-7feb400f1000 r-xp 00000000 08:01 5247969                    /lib/x86_64-linux-gnu/libdl-2.27.so
7feb400f1000-7feb402f0000 ---p 00003000 08:01 5247969                    /lib/x86_64-linux-gnu/libdl-2.27.so
7feb402f0000-7feb402f1000 r--p 00002000 08:01 5247969                    /lib/x86_64-linux-gnu/libdl-2.27.so
7feb402f1000-7feb402f2000 rw-p 00003000 08:01 5247969                    /lib/x86_64-linux-gnu/libdl-2.27.so
7feb402f2000-7feb4030e000 r-xp 00000000 08:01 5248117                    /lib/x86_64-linux-gnu/libz.so.1.2.11
7feb4030e000-7feb4050d000 ---p 0001c000 08:01 5248117                    /lib/x86_64-linux-gnu/libz.so.1.2.11
7feb4050d000-7feb4050e000 r--p 0001b000 08:01 5248117                    /lib/x86_64-linux-gnu/libz.so.1.2.11
7feb4050e000-7feb4050f000 rw-p 0001c000 08:01 5248117                    /lib/x86_64-linux-gnu/libz.so.1.2.11
7feb4050f000-7feb406f6000 r-xp 00000000 08:01 5247946                    /lib/x86_64-linux-gnu/libc-2.27.so
7feb406f6000-7feb408f6000 ---p 001e7000 08:01 5247946                    /lib/x86_64-linux-gnu/libc-2.27.so
7feb408f6000-7feb408fa000 r--p 001e7000 08:01 5247946                    /lib/x86_64-linux-gnu/libc-2.27.so
7feb408fa000-7feb408fc000 rw-p 001eb000 08:01 5247946                    /lib/x86_64-linux-gnu/libc-2.27.so
7feb408fc000-7feb40900000 rw-p 00000000 00:00 0 
7feb40900000-7feb40910000 r-xp 00000000 08:01 265870                     /usr/lib/jvm/java-11-openjdk-amd64/lib/jli/libjli.so
7feb40910000-7feb40b0f000 ---p 00010000 08:01 265870                     /usr/lib/jvm/java-11-openjdk-amd64/lib/jli/libjli.so
7feb40b0f000-7feb40b10000 r--p 0000f000 08:01 265870                     /usr/lib/jvm/java-11-openjdk-amd64/lib/jli/libjli.so
7feb40b10000-7feb40b11000 rw-p 00010000 08:01 265870                     /usr/lib/jvm/java-11-openjdk-amd64/lib/jli/libjli.so
7feb40b11000-7feb40b38000 r-xp 00000000 08:01 5247918                    /lib/x86_64-linux-gnu/ld-2.27.so
7feb40b77000-7feb40c18000 rw-p 00000000 00:00 0 
7feb40c18000-7feb40c1f000 ---p 00000000 00:00 0 
7feb40c1f000-7feb40c23000 ---p 00000000 00:00 0 
7feb40c23000-7feb40d22000 rw-p 00000000 00:00 0 
7feb40d25000-7feb40d2c000 r--s 00000000 08:01 14419577                   /usr/lib/x86_64-linux-gnu/gconv/gconv-modules.cache
7feb40d2c000-7feb40d34000 rw-s 00000000 08:01 3407952                    /tmp/hsperfdata_samuel/8875
7feb40d34000-7feb40d35000 ---p 00000000 00:00 0 
7feb40d35000-7feb40d36000 r--p 00000000 00:00 0 
7feb40d36000-7feb40d38000 rw-p 00000000 00:00 0 
7feb40d38000-7feb40d39000 r--p 00027000 08:01 5247918                    /lib/x86_64-linux-gnu/ld-2.27.so
7feb40d39000-7feb40d3a000 rw-p 00028000 08:01 5247918                    /lib/x86_64-linux-gnu/ld-2.27.so
7feb40d3a000-7feb40d3b000 rw-p 00000000 00:00 0 
7ffd8a934000-7ffd8a955000 rw-p 00000000 00:00 0                          [stack]
7ffd8a9ef000-7ffd8a9f2000 r--p 00000000 00:00 0                          [vvar]
7ffd8a9f2000-7ffd8a9f3000 r-xp 00000000 00:00 0                          [vdso]
ffffffffff600000-ffffffffff601000 r-xp 00000000 00:00 0                  [vsyscall]


VM Arguments:
jvm_args: -agentlib:jdwp=transport=dt_socket,suspend=y,address=localhost:46507 -javaagent:/home/samuel/Downloads/sts-bundle/sts-3.9.10.RELEASE/configuration/org.eclipse.osgi/302/0/.cp/lib/javaagent-shaded.jar -Dfile.encoding=UTF-8 
java_command: br.com.teste.util.CiscoExcelUtil
java_class_path (initial): /home/samuel/Documents/workspace-sts-3.9.10.RELEASE/CiscoDateFormatter/target/classes:/home/samuel/.m2/repository/org/apache/poi/poi/4.0.1/poi-4.0.1.jar:/home/samuel/.m2/repository/commons-codec/commons-codec/1.11/commons-codec-1.11.jar:/home/samuel/.m2/repository/org/apache/commons/commons-collections4/4.2/commons-collections4-4.2.jar:/home/samuel/.m2/repository/org/apache/commons/commons-math3/3.6.1/commons-math3-3.6.1.jar:/home/samuel/.m2/repository/org/apache/poi/poi-ooxml/4.0.0/poi-ooxml-4.0.0.jar:/home/samuel/.m2/repository/org/apache/poi/poi-ooxml-schemas/4.0.0/poi-ooxml-schemas-4.0.0.jar:/home/samuel/.m2/repository/org/apache/xmlbeans/xmlbeans/3.0.1/xmlbeans-3.0.1.jar:/home/samuel/.m2/repository/org/apache/commons/commons-compress/1.18/commons-compress-1.18.jar:/home/samuel/.m2/repository/com/github/virtuald/curvesapi/1.04/curvesapi-1.04.jar
Launcher Type: SUN_STANDARD

[Global flags]
     intx CICompilerCount                          = 3                                         {product} {ergonomic}
     uint ConcGCThreads                            = 1                                         {product} {ergonomic}
     uint G1ConcRefinementThreads                  = 4                                         {product} {ergonomic}
   size_t G1HeapRegionSize                         = 1048576                                   {product} {ergonomic}
    uintx GCDrainStackTargetSize                   = 64                                        {product} {ergonomic}
   size_t InitialHeapSize                          = 127926272                                 {product} {ergonomic}
   size_t MarkStackSize                            = 4194304                                   {product} {ergonomic}
   size_t MaxHeapSize                              = 2038431744                                {product} {ergonomic}
   size_t MaxNewSize                               = 1222639616                                {product} {ergonomic}
   size_t MinHeapDeltaBytes                        = 1048576                                   {product} {ergonomic}
    uintx NonNMethodCodeHeapSize                   = 5830092                                {pd product} {ergonomic}
    uintx NonProfiledCodeHeapSize                  = 122914074                              {pd product} {ergonomic}
    uintx ProfiledCodeHeapSize                     = 122914074                              {pd product} {ergonomic}
    uintx ReservedCodeCacheSize                    = 251658240                              {pd product} {ergonomic}
     bool SegmentedCodeCache                       = true                                      {product} {ergonomic}
     bool UseCompressedClassPointers               = true                                 {lp64_product} {ergonomic}
     bool UseCompressedOops                        = true                                 {lp64_product} {ergonomic}
     bool UseG1GC                                  = true                                      {product} {ergonomic}

Logging:
Log output configuration:
 #0: stdout all=warning uptime,level,tags
 #1: stderr all=off uptime,level,tags

Environment Variables:
PATH=/usr/local/sbin:/usr/local/bin:/usr/sbin:/usr/bin:/sbin:/bin:/usr/games:/usr/local/games:/snap/bin
SHELL=/usr/bin/zsh
DISPLAY=:0.0

Signal Handlers:
SIGSEGV: [libjvm.so+0xde5f50], sa_mask[0]=11111111011111111101111111111110, sa_flags=SA_RESTART|SA_SIGINFO
SIGBUS: [libjvm.so+0xde5f50], sa_mask[0]=11111111011111111101111111111110, sa_flags=SA_RESTART|SA_SIGINFO
SIGFPE: [libjvm.so+0xde5f50], sa_mask[0]=11111111011111111101111111111110, sa_flags=SA_RESTART|SA_SIGINFO
SIGPIPE: [libjvm.so+0xbba5b0], sa_mask[0]=11111111011111111101111111111110, sa_flags=SA_RESTART|SA_SIGINFO
SIGXFSZ: [libjvm.so+0xbba5b0], sa_mask[0]=11111111011111111101111111111110, sa_flags=SA_RESTART|SA_SIGINFO
SIGILL: [libjvm.so+0xde5f50], sa_mask[0]=11111111011111111101111111111110, sa_flags=SA_RESTART|SA_SIGINFO
SIGUSR2: [libjvm.so+0xbba450], sa_mask[0]=00100000000000000000000000000000, sa_flags=SA_RESTART|SA_SIGINFO
SIGHUP: [libjvm.so+0xbba7b0], sa_mask[0]=11111111011111111101111111111110, sa_flags=SA_RESTART|SA_SIGINFO
SIGINT: [libjvm.so+0xbba7b0], sa_mask[0]=11111111011111111101111111111110, sa_flags=SA_RESTART|SA_SIGINFO
SIGTERM: [libjvm.so+0xbba7b0], sa_mask[0]=11111111011111111101111111111110, sa_flags=SA_RESTART|SA_SIGINFO
SIGQUIT: [libjvm.so+0xbba7b0], sa_mask[0]=11111111011111111101111111111110, sa_flags=SA_RESTART|SA_SIGINFO


---------------  S Y S T E M  ---------------

OS:DISTRIB_ID=Ubuntu
DISTRIB_RELEASE=18.04
DISTRIB_CODENAME=bionic
DISTRIB_DESCRIPTION="Ubuntu 18.04.3 LTS"
uname:Linux 5.0.0-32-generic #34~18.04.2-Ubuntu SMP Thu Oct 10 10:36:02 UTC 2019 x86_64
libc:glibc 2.27 NPTL 2.27 
rlimit: STACK 8192k, CORE 0k, NPROC 30906, NOFILE 1048576, AS infinity, DATA infinity, FSIZE infinity
load average:0,86 1,14 1,19

/proc/meminfo:
MemTotal:        7959800 kB
MemFree:         2485636 kB
MemAvailable:    4475772 kB
Buffers:          231128 kB
Cached:          2212120 kB
SwapCached:            0 kB
Active:          3783128 kB
Inactive:        1188392 kB
Active(anon):    2655496 kB
Inactive(anon):   144284 kB
Active(file):    1127632 kB
Inactive(file):  1044108 kB
Unevictable:      181256 kB
Mlocked:              80 kB
SwapTotal:       2097148 kB
SwapFree:        2097148 kB
Dirty:              4104 kB
Writeback:             0 kB
AnonPages:       2709816 kB
Mapped:           621224 kB
Shmem:            271256 kB
KReclaimable:     164488 kB
Slab:             206672 kB
SReclaimable:     164488 kB
SUnreclaim:        42184 kB
KernelStack:       10016 kB
PageTables:        48924 kB
NFS_Unstable:          0 kB
Bounce:                0 kB
WritebackTmp:          0 kB
CommitLimit:     6077048 kB
Committed_AS:    7473232 kB
VmallocTotal:   34359738367 kB
VmallocUsed:           0 kB
VmallocChunk:          0 kB
Percpu:             1136 kB
HardwareCorrupted:     0 kB
AnonHugePages:         0 kB
ShmemHugePages:        0 kB
ShmemPmdMapped:        0 kB
CmaTotal:              0 kB
CmaFree:               0 kB
HugePages_Total:       0
HugePages_Free:        0
HugePages_Rsvd:        0
HugePages_Surp:        0
Hugepagesize:       2048 kB
Hugetlb:               0 kB
DirectMap4k:      160848 kB
DirectMap2M:     8022016 kB


/proc/sys/kernel/threads-max (system-wide limit on the number of threads):
61813


/proc/sys/vm/max_map_count (maximum number of memory map areas a process may have):
65530


/proc/sys/kernel/pid_max (system-wide limit on number of process identifiers):
32768



container (cgroup) information:
container_type: cgroupv1
cpu_cpuset_cpus: 0-3
cpu_memory_nodes: 0
active_processor_count: 4
cpu_quota: -1
cpu_period: 100000
cpu_shares: -1
memory_limit_in_bytes: -1
memory_and_swap_limit_in_bytes: -2
memory_soft_limit_in_bytes: -1
memory_usage_in_bytes: 5276590080
memory_max_usage_in_bytes: 6287360

Steal ticks since vm start: 0
Steal ticks percentage since vm start:  0,000

CPU:total 4 (initial active 4) (2 cores per cpu, 2 threads per core) family 6 model 37 stepping 5, cmov, cx8, fxsr, mmx, sse, sse2, sse3, ssse3, sse4.1, sse4.2, popcnt, ht, tsc, tscinvbit
CPU Model and flags from /proc/cpuinfo:
model name	: Intel(R) Core(TM) i3 CPU       M 370  @ 2.40GHz
flags		: fpu vme de pse tsc msr pae mce cx8 apic sep mtrr pge mca cmov pat pse36 clflush dts acpi mmx fxsr sse sse2 ss ht tm pbe syscall nx rdtscp lm constant_tsc arch_perfmon pebs bts rep_good nopl xtopology nonstop_tsc cpuid aperfmperf pni dtes64 monitor ds_cpl vmx est tm2 ssse3 cx16 xtpr pdcm pcid sse4_1 sse4_2 popcnt lahf_lm pti ssbd ibrs ibpb stibp tpr_shadow vnmi flexpriority ept vpid dtherm arat flush_l1d

Memory: 4k page, physical 7959800k(2485636k free), swap 2097148k(2097148k free)

vm_info: OpenJDK 64-Bit Server VM (11.0.4+11-post-Ubuntu-1ubuntu218.04.3) for linux-amd64 JRE (11.0.4+11-post-Ubuntu-1ubuntu218.04.3), built on Jul 18 2019 18:21:46 by "buildd" with gcc 7.4.0

END.
